Mon Oct 14 2024 09:54:36 GMT+0900 (韓国標準時): GET | /post/23Mon Oct 14 2024 09:55:59 GMT+0900 (韓国標準時): GET | /main?Mon Oct 14 2024 09:56:20 GMT+0900 (韓国標準時): GET | /newpost? 
Mon Oct 14 2024 09:57:00 GMT+0900 (韓国標準時): GET | /post/23 
Mon Oct 14 2024 09:57:03 GMT+0900 (韓国標準時): GET | /updatepost/23? 
Mon Oct 14 2024 09:58:12 GMT+0900 (韓国標準時): GET | /post/25 
Mon Oct 14 2024 09:58:14 GMT+0900 (韓国標準時): GET | /main? 
Mon Oct 14 2024 09:58:16 GMT+0900 (韓国標準時): GET | /post/25 
Mon Oct 14 2024 09:58:17 GMT+0900 (韓国標準時): GET | /updatepost/25? 
Mon Oct 14 2024 09:58:20 GMT+0900 (韓国標準時): POST | /updatepost/25 
Mon Oct 14 2024 09:58:20 GMT+0900 (韓国標準時): GET | /main 
Mon Oct 14 2024 11:38:06 GMT+0900 (韓国標準時): GET | /post/23 
Mon Oct 14 2024 11:38:07 GMT+0900 (韓国標準時): GET | /main? 
Mon Oct 14 2024 11:38:19 GMT+0900 (韓国標準時): GET | /post/23 
Mon Oct 14 2024 11:38:24 GMT+0900 (韓国標準時): GET | /main? 
Mon Oct 14 2024 11:38:52 GMT+0900 (韓国標準時): GET | /main 
Mon Oct 14 2024 11:38:54 GMT+0900 (韓国標準時): GET | /post/23 
Mon Oct 14 2024 11:39:05 GMT+0900 (韓国標準時): GET | /main? 
Mon Oct 14 2024 11:39:09 GMT+0900 (韓国標準時): GET | /post/23 
Mon Oct 14 2024 11:44:03 GMT+0900 (韓国標準時): GET | /main? 
Mon Oct 14 2024 11:44:09 GMT+0900 (韓国標準時): GET | /post/23 
Mon Oct 14 2024 11:58:25 GMT+0900 (韓国標準時): GET | /main? 
Mon Oct 14 2024 12:00:15 GMT+0900 (韓国標準時): GET | /main? 
Mon Oct 14 2024 12:00:24 GMT+0900 (韓国標準時): GET | /main? 
Mon Oct 14 2024 12:18:33 GMT+0900 (韓国標準時): GET | /main? 
Mon Oct 14 2024 12:18:55 GMT+0900 (韓国標準時): GET | /main? 
Mon Oct 14 2024 12:19:01 GMT+0900 (韓国標準時): GET | /post/23 
Mon Oct 14 2024 12:19:05 GMT+0900 (韓国標準時): GET | /main? 
Mon Oct 14 2024 13:27:08 GMT+0900 (韓国標準時): GET | /main? 
Mon Oct 14 2024 13:27:18 GMT+0900 (韓国標準時): GET | /main? 
Mon Oct 14 2024 13:27:19 GMT+0900 (韓国標準時): GET | /login/signup? 
Mon Oct 14 2024 13:27:33 GMT+0900 (韓国標準時): GET | /login/signup? 
Mon Oct 14 2024 13:31:48 GMT+0900 (韓国標準時): GET | /login/signup? 
Mon Oct 14 2024 13:35:41 GMT+0900 (韓国標準時): GET | /login/signup? 
Mon Oct 14 2024 13:35:56 GMT+0900 (韓国標準時): POST | /login/signup 
Mon Oct 14 2024 13:36:32 GMT+0900 (韓国標準時): POST | /login/signup 
Mon Oct 14 2024 13:36:32 GMT+0900 (韓国標準時): GET | /main 
Mon Oct 14 2024 13:36:33 GMT+0900 (韓国標準時): GET | /login/signup? 
Mon Oct 14 2024 13:36:39 GMT+0900 (韓国標準時): POST | /login/signup 
Mon Oct 14 2024 13:36:39 GMT+0900 (韓国標準時): GET | /main 
Mon Oct 14 2024 14:17:45 GMT+0900 (韓国標準時): GET | /login/signup? 
Mon Oct 14 2024 14:17:58 GMT+0900 (韓国標準時): POST | /login/signup 
Mon Oct 14 2024 14:17:58 GMT+0900 (韓国標準時): GET | /main 
Mon Oct 14 2024 14:18:23 GMT+0900 (韓国標準時): GET | /login/signup? 
Mon Oct 14 2024 14:18:27 GMT+0900 (韓国標準時): POST | /login/signup 
Mon Oct 14 2024 14:18:27 GMT+0900 (韓国標準時): GET | /main 
Mon Oct 14 2024 14:20:11 GMT+0900 (韓国標準時): GET | /login/signup? 
Mon Oct 14 2024 14:20:21 GMT+0900 (韓国標準時): POST | /login/signup 
Mon Oct 14 2024 14:20:21 GMT+0900 (韓国標準時): GET | /main 
Mon Oct 14 2024 14:23:31 GMT+0900 (韓国標準時): GET | /login/signup? 
Mon Oct 14 2024 14:23:34 GMT+0900 (韓国標準時): POST | /login/signup 
Mon Oct 14 2024 14:23:34 GMT+0900 (韓国標準時): GET | /main 
Mon Oct 14 2024 14:24:03 GMT+0900 (韓国標準時): GET | /login/signup? 
Mon Oct 14 2024 14:24:08 GMT+0900 (韓国標準時): POST | /login/signup 
Mon Oct 14 2024 14:24:08 GMT+0900 (韓国標準時): GET | /main 
Mon Oct 14 2024 14:28:59 GMT+0900 (韓国標準時): POST | /login 
Mon Oct 14 2024 14:30:11 GMT+0900 (韓国標準時): POST | /login 
Mon Oct 14 2024 14:30:41 GMT+0900 (韓国標準時): POST | /login 
Mon Oct 14 2024 14:32:02 GMT+0900 (韓国標準時): GET | /main 
Mon Oct 14 2024 14:32:08 GMT+0900 (韓国標準時): POST | /login 
Mon Oct 14 2024 14:32:26 GMT+0900 (韓国標準時): POST | /login 
Mon Oct 14 2024 14:33:47 GMT+0900 (韓国標準時): POST | /login 
Mon Oct 14 2024 14:36:04 GMT+0900 (韓国標準時): POST | /login 
Mon Oct 14 2024 14:37:10 GMT+0900 (韓国標準時): POST | /login 
Mon Oct 14 2024 14:37:27 GMT+0900 (韓国標準時): POST | /login 
Mon Oct 14 2024 14:39:11 GMT+0900 (韓国標準時): GET | /main 
Mon Oct 14 2024 14:39:18 GMT+0900 (韓国標準時): POST | /login 
Mon Oct 14 2024 14:39:37 GMT+0900 (韓国標準時): POST | /login 
Mon Oct 14 2024 14:40:03 GMT+0900 (韓国標準時): POST | /login 
Mon Oct 14 2024 14:41:49 GMT+0900 (韓国標準時): POST | /login 
Mon Oct 14 2024 22:06:59 GMT+0900 (韓国標準時): POST | /login 
Mon Oct 14 2024 22:07:28 GMT+0900 (韓国標準時): GET | /main 
Mon Oct 14 2024 22:07:30 GMT+0900 (韓国標準時): GET | /login/signup? 
Mon Oct 14 2024 22:07:42 GMT+0900 (韓国標準時): POST | /login/signup 
Mon Oct 14 2024 22:07:42 GMT+0900 (韓国標準時): GET | /main 
Mon Oct 14 2024 22:08:21 GMT+0900 (韓国標準時): POST | /login 
Mon Oct 14 2024 22:09:12 GMT+0900 (韓国標準時): POST | /login 
Mon Oct 14 2024 22:09:44 GMT+0900 (韓国標準時): POST | /login 
Mon Oct 14 2024 22:10:46 GMT+0900 (韓国標準時): POST | /login 
Mon Oct 14 2024 22:12:11 GMT+0900 (韓国標準時): POST | /login 
Mon Oct 14 2024 22:12:11 GMT+0900 (韓国標準時): GET | /main 
Mon Oct 14 2024 22:15:41 GMT+0900 (韓国標準時): GET | /login/signup? 
Mon Oct 14 2024 22:15:49 GMT+0900 (韓国標準時): POST | /login/signup 
Mon Oct 14 2024 22:15:49 GMT+0900 (韓国標準時): GET | /main 
Mon Oct 14 2024 22:15:58 GMT+0900 (韓国標準時): POST | /login 
Mon Oct 14 2024 22:15:58 GMT+0900 (韓国標準時): GET | /main 
Mon Oct 14 2024 22:17:10 GMT+0900 (韓国標準時): POST | /login 
Mon Oct 14 2024 22:17:10 GMT+0900 (韓国標準時): GET | /main 
Mon Oct 14 2024 22:17:20 GMT+0900 (韓国標準時): POST | /login 
Mon Oct 14 2024 22:17:20 GMT+0900 (韓国標準時): GET | /main 
Mon Oct 14 2024 22:19:59 GMT+0900 (韓国標準時): POST | /login 
Mon Oct 14 2024 22:19:59 GMT+0900 (韓国標準時): GET | /main 
Mon Oct 14 2024 22:20:09 GMT+0900 (韓国標準時): POST | /login 
Mon Oct 14 2024 22:20:38 GMT+0900 (韓国標準時): POST | /login 
Mon Oct 14 2024 22:20:38 GMT+0900 (韓国標準時): GET | /main 
Mon Oct 14 2024 22:23:13 GMT+0900 (韓国標準時): POST | /login 
Mon Oct 14 2024 22:23:39 GMT+0900 (韓国標準時): POST | /login 
Mon Oct 14 2024 22:26:26 GMT+0900 (韓国標準時): POST | /login 
Mon Oct 14 2024 22:26:56 GMT+0900 (韓国標準時): POST | /login 
Mon Oct 14 2024 22:28:06 GMT+0900 (韓国標準時): POST | /login 
Mon Oct 14 2024 22:30:00 GMT+0900 (韓国標準時): POST | /login 
Mon Oct 14 2024 22:30:14 GMT+0900 (韓国標準時): POST | /login 
Mon Oct 14 2024 22:30:14 GMT+0900 (韓国標準時): GET | /main 
Mon Oct 14 2024 22:31:08 GMT+0900 (韓国標準時): GET | /newpost? 
Mon Oct 14 2024 22:34:18 GMT+0900 (韓国標準時): GET | /main 
Mon Oct 14 2024 22:36:08 GMT+0900 (韓国標準時): GET | /main 
Mon Oct 14 2024 22:36:47 GMT+0900 (韓国標準時): GET | /main 
Mon Oct 14 2024 22:37:18 GMT+0900 (韓国標準時): POST | /login 
Mon Oct 14 2024 22:37:18 GMT+0900 (韓国標準時): GET | /main 
Mon Oct 14 2024 23:32:27 GMT+0900 (韓国標準時): GET | /main 
Mon Oct 14 2024 23:33:22 GMT+0900 (韓国標準時): GET | /main 
Mon Oct 14 2024 23:33:39 GMT+0900 (韓国標準時): GET | /main 
Mon Oct 14 2024 23:33:41 GMT+0900 (韓国標準時): POST | /logout 
Mon Oct 14 2024 23:34:55 GMT+0900 (韓国標準時): POST | /logout 
Mon Oct 14 2024 23:34:55 GMT+0900 (韓国標準時): GET | /main 
Mon Oct 14 2024 23:35:00 GMT+0900 (韓国標準時): POST | /login 
Mon Oct 14 2024 23:35:03 GMT+0900 (韓国標準時): GET | /login/signup? 
Mon Oct 14 2024 23:35:11 GMT+0900 (韓国標準時): GET | /newpost? 
Mon Oct 14 2024 23:39:06 GMT+0900 (韓国標準時): POST | /login 
Mon Oct 14 2024 23:39:06 GMT+0900 (韓国標準時): GET | /main 
Mon Oct 14 2024 23:39:06 GMT+0900 (韓国標準時): GET | /user.jpg 
Mon Oct 14 2024 23:40:00 GMT+0900 (韓国標準時): GET | /main 
Mon Oct 14 2024 23:40:00 GMT+0900 (韓国標準時): GET | /user.jpg 
Mon Oct 14 2024 23:40:21 GMT+0900 (韓国標準時): GET | /main 
Mon Oct 14 2024 23:40:53 GMT+0900 (韓国標準時): GET | /main 
Mon Oct 14 2024 23:40:59 GMT+0900 (韓国標準時): GET | /main 
